[0.010s] Invoking command in '/workspaces/ros2_fprime_bridge/ros_ws/build/dynamics_node': CMAKE_PREFIX_PATH=/opt/ros/foxy /usr/bin/cmake --build /workspaces/ros2_fprime_bridge/ros_ws/build/dynamics_node -- -j20 -l20
[0.050s] [  2%] Built target dynamics_node__cpp
[0.051s] [ 12%] Built target dynamics_node__rosidl_generator_c
[0.066s] [ 21%] Built target dynamics_node__rosidl_typesupport_introspection_c
[0.066s] [ 31%] Built target dynamics_node__rosidl_typesupport_fastrtps_cpp
[0.067s] [ 41%] Built target dynamics_node__rosidl_typesupport_c
[0.067s] [ 60%] Built target dynamics_node__rosidl_typesupport_cpp
[0.067s] [ 60%] Built target dynamics_node__rosidl_typesupport_introspection_cpp
[0.081s] [ 70%] Built target dynamics_node__rosidl_typesupport_fastrtps_c
[0.097s] [ 70%] Built target dynamics_node
[0.106s] [35m[1mScanning dependencies of target dynamics[0m
[0.111s] [ 73%] Built target dynamics_node__py
[0.125s] [ 75%] [32mBuilding CXX object CMakeFiles/dynamics.dir/src/dynamics_node.cpp.o[0m
[0.129s] [ 82%] Built target dynamics_node__python
[0.145s] [ 92%] Built target dynamics_node__rosidl_typesupport_fastrtps_c__pyext
[0.145s] [ 92%] Built target dynamics_node__rosidl_typesupport_c__pyext
[0.145s] [ 97%] Built target dynamics_node__rosidl_typesupport_introspection_c__pyext
[0.846s] In file included from [01m[K/workspaces/ros2_fprime_bridge/ros_ws/src/dynamics_node/src/../include/dynamics_node/dynamics_node.hpp:15[m[K,
[0.846s]                  from [01m[K/workspaces/ros2_fprime_bridge/ros_ws/src/dynamics_node/src/dynamics_node.cpp:1[m[K:
[0.846s] [01m[K/workspaces/ros2_fprime_bridge/ros_ws/src/dynamics_node/src/../include/dynamics_node/../../../../../common/lulav_comm/udp/src/udp_client_server.hpp:12:11:[m[K [01;35m[Kwarning: [m[Knested namespace definitions only available with â€˜[01m[K-std=c++17[m[Kâ€™ or â€˜[01m[K-std=gnu++17[m[Kâ€™ [[01;35m[K-Wpedantic[m[K]
[0.846s]    12 | namespace [01;35m[Klulav[m[K::comm::udp
[0.846s]       |           [01;35m[K^~~~~[m[K
[0.875s] [01m[K/workspaces/ros2_fprime_bridge/ros_ws/src/dynamics_node/src/dynamics_node.cpp:[m[K In member function â€˜[01m[Kvoid DynamicsNode::dynamics_first_step()[m[Kâ€™:
[0.875s] [01m[K/workspaces/ros2_fprime_bridge/ros_ws/src/dynamics_node/src/dynamics_node.cpp:27:26:[m[K [01;35m[Kwarning: [m[Kunused variable â€˜[01m[Kdynamics_parameters[m[Kâ€™ [[01;35m[K-Wunused-variable[m[K]
[0.875s]    27 |     Dynamics::parameters [01;35m[Kdynamics_parameters[m[K;
[0.875s]       |                          [01;35m[K^~~~~~~~~~~~~~~~~~~[m[K
[0.876s] [01m[K/workspaces/ros2_fprime_bridge/ros_ws/src/dynamics_node/src/dynamics_node.cpp:[m[K In member function â€˜[01m[Kvoid DynamicsNode::_cb_enable(std_msgs::msg::Bool_<std::allocator<void> >::SharedPtr)[m[Kâ€™:
[0.876s] [01m[K/workspaces/ros2_fprime_bridge/ros_ws/src/dynamics_node/src/dynamics_node.cpp:46:68:[m[K [01;35m[Kwarning: [m[Kunused parameter â€˜[01m[Kmsg[m[Kâ€™ [[01;35m[K-Wunused-parameter[m[K]
[0.876s]    46 | void DynamicsNode::_cb_enable([01;35m[Kconst std_msgs::msg::Bool::SharedPtr msg[m[K)
[0.876s]       |                               [01;35m[K~~~~~~~~~~~~~~~~~~~~~~~~~~~~~~~~~~~~~^~~[m[K
[3.447s] [100%] [32m[1mLinking CXX executable dynamics[0m
[3.600s] /usr/bin/ld: CMakeFiles/dynamics.dir/src/dynamics_node.cpp.o: in function `DynamicsNode::dynamics_first_step()':
[3.600s] dynamics_node.cpp:(.text+0xa8b): undefined reference to `Dynamics::Dynamics()'
[3.600s] /usr/bin/ld: dynamics_node.cpp:(.text+0xac9): undefined reference to `Dynamics::set_inputs(control_signal const&)'
[3.600s] /usr/bin/ld: dynamics_node.cpp:(.text+0xad5): undefined reference to `Dynamics::step()'
[3.600s] /usr/bin/ld: dynamics_node.cpp:(.text+0xae8): undefined reference to `Dynamics::get_outputs(state&)'
[3.608s] collect2: error: ld returned 1 exit status
[3.610s] make[2]: *** [CMakeFiles/dynamics.dir/build.make:132: dynamics] Error 1
[3.610s] make[1]: *** [CMakeFiles/Makefile2:249: CMakeFiles/dynamics.dir/all] Error 2
[3.610s] make: *** [Makefile:141: all] Error 2
[3.612s] Invoked command in '/workspaces/ros2_fprime_bridge/ros_ws/build/dynamics_node' returned '2': CMAKE_PREFIX_PATH=/opt/ros/foxy /usr/bin/cmake --build /workspaces/ros2_fprime_bridge/ros_ws/build/dynamics_node -- -j20 -l20
